c:\users\rasmus\source\repos\control robot\control robot\x64\debug\vc142.pdb
c:\users\rasmus\source\repos\control robot\control robot\x64\debug\vc142.idb
c:\users\rasmus\source\repos\control robot\control robot\x64\debug\udpsocket.obj
c:\users\rasmus\source\repos\control robot\control robot\x64\debug\controller.obj
c:\users\rasmus\source\repos\control robot\control robot\x64\debug\control robot.obj
c:\users\rasmus\source\repos\control robot\control robot\x64\debug\main.obj
c:\users\rasmus\source\repos\control robot\control robot\x64\debug\delayedtransmissionqueue.obj
c:\users\rasmus\source\repos\control robot\x64\debug\control robot.pdb
c:\users\rasmus\source\repos\control robot\control robot\x64\debug\control robot.tlog\cl.command.1.tlog
c:\users\rasmus\source\repos\control robot\control robot\x64\debug\control robot.tlog\cl.read.1.tlog
c:\users\rasmus\source\repos\control robot\control robot\x64\debug\control robot.tlog\cl.write.1.tlog
c:\users\rasmus\source\repos\control robot\control robot\x64\debug\control robot.tlog\link-cvtres.read.1.tlog
c:\users\rasmus\source\repos\control robot\control robot\x64\debug\control robot.tlog\link-cvtres.write.1.tlog
c:\users\rasmus\source\repos\control robot\control robot\x64\debug\control robot.tlog\link-rc.read.1.tlog
c:\users\rasmus\source\repos\control robot\control robot\x64\debug\control robot.tlog\link-rc.write.1.tlog
c:\users\rasmus\source\repos\control robot\control robot\x64\debug\control robot.tlog\link.14612-cvtres.read.1.tlog
c:\users\rasmus\source\repos\control robot\control robot\x64\debug\control robot.tlog\link.14612-cvtres.write.1.tlog
c:\users\rasmus\source\repos\control robot\control robot\x64\debug\control robot.tlog\link.14612-rc.read.1.tlog
c:\users\rasmus\source\repos\control robot\control robot\x64\debug\control robot.tlog\link.14612-rc.write.1.tlog
c:\users\rasmus\source\repos\control robot\control robot\x64\debug\control robot.tlog\link.14612.read.1.tlog
c:\users\rasmus\source\repos\control robot\control robot\x64\debug\control robot.tlog\link.14612.write.1.tlog
c:\users\rasmus\source\repos\control robot\control robot\x64\debug\control robot.tlog\link.command.1.tlog
c:\users\rasmus\source\repos\control robot\control robot\x64\debug\control robot.tlog\link.read.1.tlog
c:\users\rasmus\source\repos\control robot\control robot\x64\debug\control robot.tlog\link.write.1.tlog
